
Due to MODULEPATH changes, the following have been reloaded:
  1) openmpi/2.1.1

[33mWARNING:[0m underlay of /usr/bin/nvidia-smi required more than 50 (668) bind mounts
python: can't open file 'ptb-lm.py': [Errno 2] No such file or directory
[33mWARNING:[0m underlay of /usr/bin/nvidia-smi required more than 50 (668) bind mounts
python: can't open file 'ptb-lm.py': [Errno 2] No such file or directory
[33mWARNING:[0m underlay of /usr/bin/nvidia-smi required more than 50 (668) bind mounts
python: can't open file 'ptb-lm.py': [Errno 2] No such file or directory
[33mWARNING:[0m underlay of /usr/bin/nvidia-smi required more than 50 (668) bind mounts
python: can't open file 'ptb-lm.py': [Errno 2] No such file or directory
[33mWARNING:[0m underlay of /usr/bin/nvidia-smi required more than 50 (668) bind mounts
python: can't open file 'ptb-lm.py': [Errno 2] No such file or directory
[33mWARNING:[0m underlay of /usr/bin/nvidia-smi required more than 50 (668) bind mounts
python: can't open file 'ptb-lm.py': [Errno 2] No such file or directory
[33mWARNING:[0m underlay of /usr/bin/nvidia-smi required more than 50 (668) bind mounts
python: can't open file 'ptb-lm.py': [Errno 2] No such file or directory
[33mWARNING:[0m underlay of /usr/bin/nvidia-smi required more than 50 (668) bind mounts
python: can't open file 'ptb-lm.py': [Errno 2] No such file or directory
[33mWARNING:[0m underlay of /usr/bin/nvidia-smi required more than 50 (668) bind mounts
python: can't open file 'ptb-lm.py': [Errno 2] No such file or directory
[33mWARNING:[0m underlay of /usr/bin/nvidia-smi required more than 50 (668) bind mounts
python: can't open file 'ptb-lm.py': [Errno 2] No such file or directory
[33mWARNING:[0m underlay of /usr/bin/nvidia-smi required more than 50 (668) bind mounts
python: can't open file 'ptb-lm.py': [Errno 2] No such file or directory
[33mWARNING:[0m underlay of /usr/bin/nvidia-smi required more than 50 (668) bind mounts
python: can't open file 'ptb-lm.py': [Errno 2] No such file or directory
[33mWARNING:[0m underlay of /usr/bin/nvidia-smi required more than 50 (668) bind mounts
python: can't open file 'ptb-lm.py': [Errno 2] No such file or directory
[33mWARNING:[0m underlay of /usr/bin/nvidia-smi required more than 50 (668) bind mounts
python: can't open file 'ptb-lm.py': [Errno 2] No such file or directory
[33mWARNING:[0m underlay of /usr/bin/nvidia-smi required more than 50 (668) bind mounts
python: can't open file 'ptb-lm.py': [Errno 2] No such file or directory
[33mWARNING:[0m underlay of /usr/bin/nvidia-smi required more than 50 (668) bind mounts
python: can't open file 'ptb-lm.py': [Errno 2] No such file or directory
[33mWARNING:[0m underlay of /usr/bin/nvidia-smi required more than 50 (668) bind mounts
python: can't open file 'ptb-lm.py': [Errno 2] No such file or directory
[33mWARNING:[0m underlay of /usr/bin/nvidia-smi required more than 50 (668) bind mounts
python: can't open file 'ptb-lm.py': [Errno 2] No such file or directory
[33mWARNING:[0m underlay of /usr/bin/nvidia-smi required more than 50 (668) bind mounts
python: can't open file 'ptb-lm.py': [Errno 2] No such file or directory
[33mWARNING:[0m underlay of /usr/bin/nvidia-smi required more than 50 (668) bind mounts
python: can't open file 'ptb-lm.py': [Errno 2] No such file or directory
[33mWARNING:[0m underlay of /usr/bin/nvidia-smi required more than 50 (668) bind mounts
python: can't open file 'ptb-lm.py': [Errno 2] No such file or directory
[33mWARNING:[0m underlay of /usr/bin/nvidia-smi required more than 50 (668) bind mounts
python: can't open file 'ptb-lm.py': [Errno 2] No such file or directory
[33mWARNING:[0m underlay of /usr/bin/nvidia-smi required more than 50 (668) bind mounts
python: can't open file 'ptb-lm.py': [Errno 2] No such file or directory
[33mWARNING:[0m underlay of /usr/bin/nvidia-smi required more than 50 (668) bind mounts
python: can't open file 'ptb-lm.py': [Errno 2] No such file or directory
[33mWARNING:[0m underlay of /usr/bin/nvidia-smi required more than 50 (668) bind mounts
python: can't open file 'ptb-lm.py': [Errno 2] No such file or directory
[33mWARNING:[0m underlay of /usr/bin/nvidia-smi required more than 50 (668) bind mounts
python: can't open file 'ptb-lm.py': [Errno 2] No such file or directory
[33mWARNING:[0m underlay of /usr/bin/nvidia-smi required more than 50 (668) bind mounts
python: can't open file 'ptb-lm.py': [Errno 2] No such file or directory
[33mWARNING:[0m underlay of /usr/bin/nvidia-smi required more than 50 (668) bind mounts
python: can't open file 'ptb-lm.py': [Errno 2] No such file or directory
[33mWARNING:[0m underlay of /usr/bin/nvidia-smi required more than 50 (668) bind mounts
python: can't open file 'ptb-lm.py': [Errno 2] No such file or directory
[33mWARNING:[0m underlay of /usr/bin/nvidia-smi required more than 50 (668) bind mounts
python: can't open file 'ptb-lm.py': [Errno 2] No such file or directory
[33mWARNING:[0m underlay of /usr/bin/nvidia-smi required more than 50 (668) bind mounts
python: can't open file 'ptb-lm.py': [Errno 2] No such file or directory
[33mWARNING:[0m underlay of /usr/bin/nvidia-smi required more than 50 (668) bind mounts
python: can't open file 'ptb-lm.py': [Errno 2] No such file or directory
[33mWARNING:[0m underlay of /usr/bin/nvidia-smi required more than 50 (668) bind mounts
python: can't open file 'ptb-lm.py': [Errno 2] No such file or directory
[33mWARNING:[0m underlay of /usr/bin/nvidia-smi required more than 50 (668) bind mounts
python: can't open file 'ptb-lm.py': [Errno 2] No such file or directory
[33mWARNING:[0m underlay of /usr/bin/nvidia-smi required more than 50 (668) bind mounts
python: can't open file 'ptb-lm.py': [Errno 2] No such file or directory
[33mWARNING:[0m underlay of /usr/bin/nvidia-smi required more than 50 (668) bind mounts
python: can't open file 'ptb-lm.py': [Errno 2] No such file or directory

==============NVSMI LOG==============

Timestamp                           : Fri Mar 22 12:37:53 2019
Driver Version                      : 410.73
CUDA Version                        : 10.0

Attached GPUs                       : 8
GPU 00000000:84:00.0
    Accounting Mode                 : Enabled
    Accounting Mode Buffer Size     : 4000
    Accounted Processes             : None

