
Due to MODULEPATH changes, the following have been reloaded:
  1) openmpi/2.1.1

++ cd /rap/jvb-000-aa/COURS2019/etudiants/user36/ift6135-h02/assignment2/
++ for lr in '"0.0001"' '"0.0002"' '"0.0003"'
++ for batch_size in '"64"' '"128"'
++ for num_layers in '"2"' '"3"' '"4"'
++ for hidden_size in '"1024"' '"1500"'
++ s_exec python ptb-lm.py --model=GRU --optimizer=SGD_LR_SCHEDULE --initial_lr=0.0001 --batch_size=64 --seq_len=35 --hidden_size=1024 --num_layers=2 --dp_keep_prob=0.35 --num_epochs=5
++ EXEC_ARGS='python ptb-lm.py --model=GRU --optimizer=SGD_LR_SCHEDULE --initial_lr=0.0001 --batch_size=64 --seq_len=35 --hidden_size=1024 --num_layers=2 --dp_keep_prob=0.35 --num_epochs=5'
++ SINGULARITY_ARGS='--nv --bind ,/home/user36 /rap/jvb-000-aa/COURS2019/etudiants/ift6759.simg'
++ bash -c 'module --force purge && singularity exec --nv --bind ,/home/user36 /rap/jvb-000-aa/COURS2019/etudiants/ift6759.simg python ptb-lm.py --model=GRU --optimizer=SGD_LR_SCHEDULE --initial_lr=0.0001 --batch_size=64 --seq_len=35 --hidden_size=1024 --num_layers=2 --dp_keep_prob=0.35 --num_epochs=5'
[33mWARNING:[0m underlay of /usr/bin/nvidia-smi required more than 50 (668) bind mounts
++ for hidden_size in '"1024"' '"1500"'
++ s_exec python ptb-lm.py --model=GRU --optimizer=SGD_LR_SCHEDULE --initial_lr=0.0001 --batch_size=64 --seq_len=35 --hidden_size=1500 --num_layers=2 --dp_keep_prob=0.35 --num_epochs=5
++ EXEC_ARGS='python ptb-lm.py --model=GRU --optimizer=SGD_LR_SCHEDULE --initial_lr=0.0001 --batch_size=64 --seq_len=35 --hidden_size=1500 --num_layers=2 --dp_keep_prob=0.35 --num_epochs=5'
++ SINGULARITY_ARGS='--nv --bind ,/home/user36 /rap/jvb-000-aa/COURS2019/etudiants/ift6759.simg'
++ bash -c 'module --force purge && singularity exec --nv --bind ,/home/user36 /rap/jvb-000-aa/COURS2019/etudiants/ift6759.simg python ptb-lm.py --model=GRU --optimizer=SGD_LR_SCHEDULE --initial_lr=0.0001 --batch_size=64 --seq_len=35 --hidden_size=1500 --num_layers=2 --dp_keep_prob=0.35 --num_epochs=5'
[33mWARNING:[0m underlay of /usr/bin/nvidia-smi required more than 50 (668) bind mounts
++ for num_layers in '"2"' '"3"' '"4"'
++ for hidden_size in '"1024"' '"1500"'
++ s_exec python ptb-lm.py --model=GRU --optimizer=SGD_LR_SCHEDULE --initial_lr=0.0001 --batch_size=64 --seq_len=35 --hidden_size=1024 --num_layers=3 --dp_keep_prob=0.35 --num_epochs=5
++ EXEC_ARGS='python ptb-lm.py --model=GRU --optimizer=SGD_LR_SCHEDULE --initial_lr=0.0001 --batch_size=64 --seq_len=35 --hidden_size=1024 --num_layers=3 --dp_keep_prob=0.35 --num_epochs=5'
++ SINGULARITY_ARGS='--nv --bind ,/home/user36 /rap/jvb-000-aa/COURS2019/etudiants/ift6759.simg'
++ bash -c 'module --force purge && singularity exec --nv --bind ,/home/user36 /rap/jvb-000-aa/COURS2019/etudiants/ift6759.simg python ptb-lm.py --model=GRU --optimizer=SGD_LR_SCHEDULE --initial_lr=0.0001 --batch_size=64 --seq_len=35 --hidden_size=1024 --num_layers=3 --dp_keep_prob=0.35 --num_epochs=5'
[33mWARNING:[0m underlay of /usr/bin/nvidia-smi required more than 50 (668) bind mounts
*** stack smashing detected ***: python terminated
/var/spool/torque/mom_priv/jobs/650165.gpu-srv1.helios.SC: line 1: 151620 User defined signal 2   bash -c "module --force purge && singularity exec $SINGULARITY_ARGS $EXEC_ARGS"

==============NVSMI LOG==============

Timestamp                           : Fri Mar 22 13:15:52 2019
Driver Version                      : 410.73
CUDA Version                        : 10.0

Attached GPUs                       : 8
GPU 00000000:84:00.0
    Accounting Mode                 : Enabled
    Accounting Mode Buffer Size     : 4000
    Accounted Processes
        Process ID                  : 151198
            GPU Utilization         : 90 %
            Memory Utilization      : 31 %
            Max memory usage        : 1142 MiB
            Time                    : 758427 ms
            Is Running              : 0
        Process ID                  : 151321
            GPU Utilization         : 93 %
            Memory Utilization      : 41 %
            Max memory usage        : 1418 MiB
            Time                    : 1165424 ms
            Is Running              : 0
        Process ID                  : 6784
            GPU Utilization         : 92 %
            Memory Utilization      : 41 %
            Max memory usage        : 0 MiB
            Time                    : 1165568 ms
            Is Running              : 0

