
Due to MODULEPATH changes, the following have been reloaded:
  1) openmpi/2.1.1

[33mWARNING:[0m underlay of /usr/bin/nvidia-smi required more than 50 (668) bind mounts
[33mWARNING:[0m underlay of /usr/bin/nvidia-smi required more than 50 (668) bind mounts
*** stack smashing detected ***: python terminated
/var/spool/torque/mom_priv/jobs/651013.gpu-srv1.helios.SC: line 1: 208236 User defined signal 2   bash -c "module --force purge && singularity exec $SINGULARITY_ARGS $EXEC_ARGS"
[33mWARNING:[0m underlay of /usr/bin/nvidia-smi required more than 50 (668) bind mounts
[33mWARNING:[0m underlay of /usr/bin/nvidia-smi required more than 50 (668) bind mounts
*** stack smashing detected ***: python terminated
/var/spool/torque/mom_priv/jobs/651013.gpu-srv1.helios.SC: line 1: 208760 User defined signal 2   bash -c "module --force purge && singularity exec $SINGULARITY_ARGS $EXEC_ARGS"
[33mWARNING:[0m underlay of /usr/bin/nvidia-smi required more than 50 (668) bind mounts
[31mFATAL:  [0m interrupted by signal terminated

==============NVSMI LOG==============

Timestamp                           : Sat Mar 23 20:33:15 2019
Driver Version                      : 410.73
CUDA Version                        : 10.0

Attached GPUs                       : 8
GPU 00000000:05:00.0
    Accounting Mode                 : Enabled
    Accounting Mode Buffer Size     : 4000
    Accounted Processes
        Process ID                  : 207858
            GPU Utilization         : 69 %
            Memory Utilization      : 28 %
            Max memory usage        : 1778 MiB
            Time                    : 614421 ms
            Is Running              : 0
        Process ID                  : 208300
            GPU Utilization         : 68 %
            Memory Utilization      : 27 %
            Max memory usage        : 2052 MiB
            Time                    : 831040 ms
            Is Running              : 0
        Process ID                  : 7253
            GPU Utilization         : 68 %
            Memory Utilization      : 27 %
            Max memory usage        : 0 MiB
            Time                    : 831219 ms
            Is Running              : 0
        Process ID                  : 208825
            GPU Utilization         : 78 %
            Memory Utilization      : 35 %
            Max memory usage        : 3306 MiB
            Time                    : 412116 ms
            Is Running              : 0
        Process ID                  : 7253
            GPU Utilization         : 68 %
            Memory Utilization      : 27 %
            Max memory usage        : 0 MiB
            Time                    : 831219 ms
            Is Running              : 0

