
Due to MODULEPATH changes, the following have been reloaded:
  1) openmpi/2.1.1

[33mWARNING:[0m underlay of /usr/bin/nvidia-smi required more than 50 (668) bind mounts
/miniconda/lib/python3.6/site-packages/torch/nn/functional.py:1320: UserWarning: nn.functional.tanh is deprecated. Use torch.tanh instead.
  warnings.warn("nn.functional.tanh is deprecated. Use torch.tanh instead.")
[33mWARNING:[0m underlay of /usr/bin/nvidia-smi required more than 50 (668) bind mounts
/miniconda/lib/python3.6/site-packages/torch/nn/functional.py:1320: UserWarning: nn.functional.tanh is deprecated. Use torch.tanh instead.
  warnings.warn("nn.functional.tanh is deprecated. Use torch.tanh instead.")
[33mWARNING:[0m underlay of /usr/bin/nvidia-smi required more than 50 (668) bind mounts
/miniconda/lib/python3.6/site-packages/torch/nn/functional.py:1320: UserWarning: nn.functional.tanh is deprecated. Use torch.tanh instead.
  warnings.warn("nn.functional.tanh is deprecated. Use torch.tanh instead.")
[33mWARNING:[0m underlay of /usr/bin/nvidia-smi required more than 50 (668) bind mounts
/miniconda/lib/python3.6/site-packages/torch/nn/functional.py:1320: UserWarning: nn.functional.tanh is deprecated. Use torch.tanh instead.
  warnings.warn("nn.functional.tanh is deprecated. Use torch.tanh instead.")
[33mWARNING:[0m underlay of /usr/bin/nvidia-smi required more than 50 (668) bind mounts
/miniconda/lib/python3.6/site-packages/torch/nn/functional.py:1320: UserWarning: nn.functional.tanh is deprecated. Use torch.tanh instead.
  warnings.warn("nn.functional.tanh is deprecated. Use torch.tanh instead.")
[33mWARNING:[0m underlay of /usr/bin/nvidia-smi required more than 50 (668) bind mounts
/miniconda/lib/python3.6/site-packages/torch/nn/functional.py:1320: UserWarning: nn.functional.tanh is deprecated. Use torch.tanh instead.
  warnings.warn("nn.functional.tanh is deprecated. Use torch.tanh instead.")
[33mWARNING:[0m underlay of /usr/bin/nvidia-smi required more than 50 (668) bind mounts
Traceback (most recent call last):
  File "ptb-lm.py", line 176, in <module>
    os.mkdir(experiment_path)
FileExistsError: [Errno 17] File exists: './results/RNN_ADAM_model=RNN_optimizer=ADAM_initial_lr=0.0001_batch_size=64_seq_len=35_hidden_size=1500_num_layers=3_dp_keep_prob=0.35_num_epochs=5'
[33mWARNING:[0m underlay of /usr/bin/nvidia-smi required more than 50 (668) bind mounts
/miniconda/lib/python3.6/site-packages/torch/nn/functional.py:1320: UserWarning: nn.functional.tanh is deprecated. Use torch.tanh instead.
  warnings.warn("nn.functional.tanh is deprecated. Use torch.tanh instead.")
[33mWARNING:[0m underlay of /usr/bin/nvidia-smi required more than 50 (668) bind mounts
/miniconda/lib/python3.6/site-packages/torch/nn/functional.py:1320: UserWarning: nn.functional.tanh is deprecated. Use torch.tanh instead.
  warnings.warn("nn.functional.tanh is deprecated. Use torch.tanh instead.")
[33mWARNING:[0m underlay of /usr/bin/nvidia-smi required more than 50 (668) bind mounts
*** stack smashing detected ***: python terminated
/var/spool/torque/mom_priv/jobs/651038.gpu-srv1.helios.SC: line 1: 216238 User defined signal 2   bash -c "module --force purge && singularity exec $SINGULARITY_ARGS $EXEC_ARGS"
[33mWARNING:[0m underlay of /usr/bin/nvidia-smi required more than 50 (668) bind mounts
/miniconda/lib/python3.6/site-packages/torch/nn/functional.py:1320: UserWarning: nn.functional.tanh is deprecated. Use torch.tanh instead.
  warnings.warn("nn.functional.tanh is deprecated. Use torch.tanh instead.")
[33mWARNING:[0m underlay of /usr/bin/nvidia-smi required more than 50 (668) bind mounts
/miniconda/lib/python3.6/site-packages/torch/nn/functional.py:1320: UserWarning: nn.functional.tanh is deprecated. Use torch.tanh instead.
  warnings.warn("nn.functional.tanh is deprecated. Use torch.tanh instead.")
[33mWARNING:[0m underlay of /usr/bin/nvidia-smi required more than 50 (668) bind mounts
*** stack smashing detected ***: python terminated
/var/spool/torque/mom_priv/jobs/651038.gpu-srv1.helios.SC: line 1: 216828 User defined signal 2   bash -c "module --force purge && singularity exec $SINGULARITY_ARGS $EXEC_ARGS"
[33mWARNING:[0m underlay of /usr/bin/nvidia-smi required more than 50 (668) bind mounts
*** stack smashing detected ***: python terminated
/var/spool/torque/mom_priv/jobs/651038.gpu-srv1.helios.SC: line 1: 216873 User defined signal 2   bash -c "module --force purge && singularity exec $SINGULARITY_ARGS $EXEC_ARGS"
[33mWARNING:[0m underlay of /usr/bin/nvidia-smi required more than 50 (668) bind mounts
*** stack smashing detected ***: python terminated
/var/spool/torque/mom_priv/jobs/651038.gpu-srv1.helios.SC: line 1: 216918 User defined signal 2   bash -c "module --force purge && singularity exec $SINGULARITY_ARGS $EXEC_ARGS"
[33mWARNING:[0m underlay of /usr/bin/nvidia-smi required more than 50 (668) bind mounts
*** stack smashing detected ***: python terminated
/var/spool/torque/mom_priv/jobs/651038.gpu-srv1.helios.SC: line 1: 216964 User defined signal 2   bash -c "module --force purge && singularity exec $SINGULARITY_ARGS $EXEC_ARGS"
[33mWARNING:[0m underlay of /usr/bin/nvidia-smi required more than 50 (668) bind mounts
/miniconda/lib/python3.6/site-packages/torch/nn/functional.py:1320: UserWarning: nn.functional.tanh is deprecated. Use torch.tanh instead.
  warnings.warn("nn.functional.tanh is deprecated. Use torch.tanh instead.")
[33mWARNING:[0m underlay of /usr/bin/nvidia-smi required more than 50 (668) bind mounts
*** stack smashing detected ***: python terminated
/var/spool/torque/mom_priv/jobs/651038.gpu-srv1.helios.SC: line 1: 217136 User defined signal 2   bash -c "module --force purge && singularity exec $SINGULARITY_ARGS $EXEC_ARGS"
[33mWARNING:[0m underlay of /usr/bin/nvidia-smi required more than 50 (668) bind mounts
/miniconda/lib/python3.6/site-packages/torch/nn/functional.py:1320: UserWarning: nn.functional.tanh is deprecated. Use torch.tanh instead.
  warnings.warn("nn.functional.tanh is deprecated. Use torch.tanh instead.")
[33mWARNING:[0m underlay of /usr/bin/nvidia-smi required more than 50 (668) bind mounts
*** stack smashing detected ***: python terminated
/var/spool/torque/mom_priv/jobs/651038.gpu-srv1.helios.SC: line 1: 217437 User defined signal 2   bash -c "module --force purge && singularity exec $SINGULARITY_ARGS $EXEC_ARGS"
[33mWARNING:[0m underlay of /usr/bin/nvidia-smi required more than 50 (668) bind mounts
/miniconda/lib/python3.6/site-packages/torch/nn/functional.py:1320: UserWarning: nn.functional.tanh is deprecated. Use torch.tanh instead.
  warnings.warn("nn.functional.tanh is deprecated. Use torch.tanh instead.")
[33mWARNING:[0m underlay of /usr/bin/nvidia-smi required more than 50 (668) bind mounts
*** stack smashing detected ***: python terminated
/var/spool/torque/mom_priv/jobs/651038.gpu-srv1.helios.SC: line 1: 217592 User defined signal 2   bash -c "module --force purge && singularity exec $SINGULARITY_ARGS $EXEC_ARGS"
[33mWARNING:[0m underlay of /usr/bin/nvidia-smi required more than 50 (668) bind mounts
*** stack smashing detected ***: python terminated
/var/spool/torque/mom_priv/jobs/651038.gpu-srv1.helios.SC: line 1: 217637 User defined signal 2   bash -c "module --force purge && singularity exec $SINGULARITY_ARGS $EXEC_ARGS"
[33mWARNING:[0m underlay of /usr/bin/nvidia-smi required more than 50 (668) bind mounts
/miniconda/lib/python3.6/site-packages/torch/nn/functional.py:1320: UserWarning: nn.functional.tanh is deprecated. Use torch.tanh instead.
  warnings.warn("nn.functional.tanh is deprecated. Use torch.tanh instead.")

==============NVSMI LOG==============

Timestamp                           : Sun Mar 24 00:28:44 2019
Driver Version                      : 410.73
CUDA Version                        : 10.0

Attached GPUs                       : 8
GPU 00000000:04:00.0
    Accounting Mode                 : Enabled
    Accounting Mode Buffer Size     : 4000
    Accounted Processes
        Process ID                  : 209246
            GPU Utilization         : 91 %
            Memory Utilization      : 46 %
            Max memory usage        : 987 MiB
            Time                    : 857106 ms
            Is Running              : 0
        Process ID                  : 212393
            GPU Utilization         : 93 %
            Memory Utilization      : 49 %
            Max memory usage        : 1121 MiB
            Time                    : 1058927 ms
            Is Running              : 0
        Process ID                  : 212635
            GPU Utilization         : 92 %
            Memory Utilization      : 47 %
            Max memory usage        : 1062 MiB
            Time                    : 1180417 ms
            Is Running              : 0
        Process ID                  : 212810
            GPU Utilization         : 93 %
            Memory Utilization      : 50 %
            Max memory usage        : 1212 MiB
            Time                    : 1493058 ms
            Is Running              : 0
        Process ID                  : 213050
            GPU Utilization         : 93 %
            Memory Utilization      : 42 %
            Max memory usage        : 1158 MiB
            Time                    : 566660 ms
            Is Running              : 0
        Process ID                  : 213187
            GPU Utilization         : 94 %
            Memory Utilization      : 43 %
            Max memory usage        : 1267 MiB
            Time                    : 714732 ms
            Is Running              : 0
        Process ID                  : 213378
            GPU Utilization         : 95 %
            Memory Utilization      : 44 %
            Max memory usage        : 1381 MiB
            Time                    : 967466 ms
            Is Running              : 0
        Process ID                  : 213800
            GPU Utilization         : 92 %
            Memory Utilization      : 46 %
            Max memory usage        : 987 MiB
            Time                    : 851193 ms
            Is Running              : 0
        Process ID                  : 216308
            GPU Utilization         : 92 %
            Memory Utilization      : 47 %
            Max memory usage        : 1062 MiB
            Time                    : 1180932 ms
            Is Running              : 0
        Process ID                  : 216557
            GPU Utilization         : 93 %
            Memory Utilization      : 50 %
            Max memory usage        : 1212 MiB
            Time                    : 1490580 ms
            Is Running              : 0
        Process ID                  : 217032
            GPU Utilization         : 92 %
            Memory Utilization      : 46 %
            Max memory usage        : 987 MiB
            Time                    : 848859 ms
            Is Running              : 0
        Process ID                  : 217213
            GPU Utilization         : 92 %
            Memory Utilization      : 47 %
            Max memory usage        : 1062 MiB
            Time                    : 1176294 ms
            Is Running              : 0
        Process ID                  : 217506
            GPU Utilization         : 94 %
            Memory Utilization      : 42 %
            Max memory usage        : 1158 MiB
            Time                    : 563941 ms
            Is Running              : 0
        Process ID                  : 217706
            GPU Utilization         : 95 %
            Memory Utilization      : 44 %
            Max memory usage        : 1381 MiB
            Time                    : 964812 ms
            Is Running              : 0
        Process ID                  : 7253
            GPU Utilization         : 95 %
            Memory Utilization      : 44 %
            Max memory usage        : 0 MiB
            Time                    : 964966 ms
            Is Running              : 0

