
Due to MODULEPATH changes, the following have been reloaded:
  1) openmpi/2.1.1

++ cd /rap/jvb-000-aa/COURS2019/etudiants/user36/ift6135-h02/assignment2/
++ for lr in '"7"' '"10"' '"12"'
++ for batch_size in '"20"' '"32"' '"64"'
++ for num_layers in '"2"' '"3"'
++ for hidden_size in '"1500"' '"1800"'
++ s_exec python ptb-lm.py --model=GRU --optimizer=SGD_LR_SCHEDULE --initial_lr=7 --batch_size=20 --seq_len=35 --hidden_size=1500 --num_layers=2 --dp_keep_prob=0.35 --num_epochs=5
++ EXEC_ARGS='python ptb-lm.py --model=GRU --optimizer=SGD_LR_SCHEDULE --initial_lr=7 --batch_size=20 --seq_len=35 --hidden_size=1500 --num_layers=2 --dp_keep_prob=0.35 --num_epochs=5'
++ SINGULARITY_ARGS='--nv --bind ,/home/user36 /rap/jvb-000-aa/COURS2019/etudiants/ift6759.simg'
++ bash -c 'module --force purge && singularity exec --nv --bind ,/home/user36 /rap/jvb-000-aa/COURS2019/etudiants/ift6759.simg python ptb-lm.py --model=GRU --optimizer=SGD_LR_SCHEDULE --initial_lr=7 --batch_size=20 --seq_len=35 --hidden_size=1500 --num_layers=2 --dp_keep_prob=0.35 --num_epochs=5'
[33mWARNING:[0m underlay of /usr/bin/nvidia-smi required more than 50 (668) bind mounts
*** stack smashing detected ***: python terminated
/var/spool/torque/mom_priv/jobs/651561.gpu-srv1.helios.SC: line 1: 243233 User defined signal 2   bash -c "module --force purge && singularity exec $SINGULARITY_ARGS $EXEC_ARGS"

==============NVSMI LOG==============

Timestamp                           : Sun Mar 24 11:28:34 2019
Driver Version                      : 410.73
CUDA Version                        : 10.0

Attached GPUs                       : 8
GPU 00000000:04:00.0
    Accounting Mode                 : Enabled
    Accounting Mode Buffer Size     : 4000
    Accounted Processes             : None

